<?xml version="1.0" encoding="UTF-8"?>
<testsuite xmlns:xsi="http://www.w3.org/2001/XMLSchema-instance" xsi:noNamespaceSchemaLocation="https://maven.apache.org/surefire/maven-surefire-plugin/xsd/surefire-test-report.xsd" name="fr.esir.omd.ci.tpmaven.AppTest" time="0.105" tests="3" errors="0" skipped="0" failures="0">
  <properties>
[...]
</properties>
  <testcase name="shouldAnswerWithTrue" classname="fr.esir.omd.ci.tpmaven.AppTest" time="0.002"/>
  <testcase name="maxStatic" classname="fr.esir.omd.ci.tpmaven.AppTest" time="0.007"/>
  <testcase name="multiplieBy3" classname="fr.esir.omd.ci.tpmaven.AppTest" time="0.001"/>
</testsuite>